빌드 시작: 2014-08-12 오전 10:57:55
     1>2 노드의 "D:\Workspace\github\ProtectMySelf\ProtectMySelf_ForWindows\ProtectMySelf\ProtectMySelf.vcxproj" 프로젝트(build 대상)입니다.
     1>PrepareForBuild:
         "D:\Workspace\github\ProtectMySelf\ProtectMySelf_ForWindows\Release\" 디렉터리를 만들고 있습니다.
       InitializeBuildStatus:
         "AlwaysCreate"이(가) 지정되었기 때문에 "Release\ProtectMySelf.unsuccessfulbuild"을(를) 만들고 있습니다.
       ClCompile:
         C:\Program Files (x86)\Microsoft Visual Studio 10.0\VC\bin\CL.exe /c /Zi /nologo /W3 /WX- /O2 /Oi /Oy- /GL /D WIN32 /D NDEBUG /D _WINDOWS /D _UNICODE /D UNICODE /Gm- /EHsc /MD /GS /Gy /fp:precise /Zc:wchar_t /Zc:forScope /Yc"StdAfx.h" /Fp"Release\ProtectMySelf.pch" /Fo"Release\\" /Fd"Release\vc100.pdb" /Gd /TP /analyze- /errorReport:prompt stdafx.cpp
         stdafx.cpp
         C:\Program Files (x86)\Microsoft Visual Studio 10.0\VC\bin\CL.exe /c /Zi /nologo /W3 /WX- /O2 /Oi /Oy- /GL /D WIN32 /D NDEBUG /D _WINDOWS /D _UNICODE /D UNICODE /Gm- /EHsc /MD /GS /Gy /fp:precise /Zc:wchar_t /Zc:forScope /Yu"StdAfx.h" /Fp"Release\ProtectMySelf.pch" /Fo"Release\\" /Fd"Release\vc100.pdb" /Gd /TP /analyze- /errorReport:prompt ProtectMySelf.cpp
         ProtectMySelf.cpp
       ResourceCompile:
         C:\Program Files (x86)\Microsoft SDKs\Windows\v7.0A\bin\rc.exe /D _UNICODE /D UNICODE /l"0x0409" /nologo /fo"Release\ProtectMySelf.res" ProtectMySelf.rc 
       Link:
         C:\Program Files (x86)\Microsoft Visual Studio 10.0\VC\bin\link.exe /ERRORREPORT:PROMPT /OUT:"D:\Workspace\github\ProtectMySelf\ProtectMySelf_ForWindows\Release\ProtectMySelf.exe" /INCREMENTAL:NO /NOLOGO kernel32.lib user32.lib gdi32.lib winspool.lib comdlg32.lib advapi32.lib shell32.lib ole32.lib oleaut32.lib uuid.lib odbc32.lib odbccp32.lib /MANIFEST /ManifestFile:"Release\ProtectMySelf.exe.intermediate.manifest" /MANIFESTUAC:"level='asInvoker' uiAccess='false'" /DEBUG /PDB:"D:\Workspace\github\ProtectMySelf\ProtectMySelf_ForWindows\Release\ProtectMySelf.pdb" /SUBSYSTEM:WINDOWS /OPT:REF /OPT:ICF /LTCG /TLBID:1 /DYNAMICBASE /NXCOMPAT /IMPLIB:"D:\Workspace\github\ProtectMySelf\ProtectMySelf_ForWindows\Release\ProtectMySelf.lib" /MACHINE:X86 Release\ProtectMySelf.res
         Release\ProtectMySelf.obj
         Release\stdafx.obj
         코드를 생성하고 있습니다.
         코드를 생성했습니다.
         ProtectMySelf.vcxproj -> D:\Workspace\github\ProtectMySelf\ProtectMySelf_ForWindows\Release\ProtectMySelf.exe
       Manifest:
         C:\Program Files (x86)\Microsoft SDKs\Windows\v7.0A\bin\mt.exe /nologo /verbose /outputresource:"D:\Workspace\github\ProtectMySelf\ProtectMySelf_ForWindows\Release\ProtectMySelf.exe;#1" /manifest Release\ProtectMySelf.exe.intermediate.manifest
       FinalizeBuildStatus:
         "Release\ProtectMySelf.unsuccessfulbuild" 파일을 삭제하고 있습니다.
         "Release\ProtectMySelf.lastbuildstate"에 연결(touching)하고 있습니다.
     1>"D:\Workspace\github\ProtectMySelf\ProtectMySelf_ForWindows\ProtectMySelf\ProtectMySelf.vcxproj" 프로젝트를 빌드했습니다(build 대상).

빌드했습니다.

경과 시간: 00:00:01.45
